# JRE version: Java(TM) SE Runtime Environment (8.0_291-b10) (build 1.8.0_291-b10)
# Java VM: Java HotSpot(TM) 64-Bit Server VM (25.291-b10 mixed mode windows-amd64 compressed oops)
Heap:
 PSYoungGen      total 324096K, used 22914K [0x00000000d6e00000, 0x00000000ebc80000, 0x0000000100000000)
  eden space 311808K, 7% used [0x00000000d6e00000,0x00000000d8460938,0x00000000e9e80000)
  from space 12288K, 0% used [0x00000000eb080000,0x00000000eb080000,0x00000000ebc80000)
  to   space 15360K, 0% used [0x00000000e9e80000,0x00000000e9e80000,0x00000000ead80000)
 ParOldGen       total 70144K, used 15100K [0x0000000084a00000, 0x0000000088e80000, 0x00000000d6e00000)
  object space 70144K, 21% used [0x0000000084a00000,0x00000000858bf0e0,0x0000000088e80000)
 Metaspace       used 35661K, capacity 38003K, committed 38272K, reserved 1081344K
  class space    used 4930K, capacity 5392K, committed 5504K, reserved 1048576K
GC Heap History (10 events):
Event: 6.713 GC heap before
{Heap before GC invocations=9 (full 1):
 PSYoungGen      total 136704K, used 135968K [0x00000000d6e00000, 0x00000000e5f80000, 0x0000000100000000)
  eden space 126976K, 100% used [0x00000000d6e00000,0x00000000dea00000,0x00000000dea00000)
  from space 9728K, 92% used [0x00000000dea00000,0x00000000df2c8148,0x00000000df380000)
  to   space 10752K, 0% used [0x00000000e5500000,0x00000000e5500000,0x00000000e5f80000)
 ParOldGen       total 48128K, used 6310K [0x0000000084a00000, 0x0000000087900000, 0x00000000d6e00000)
  object space 48128K, 13% used [0x0000000084a00000,0x0000000085029870,0x0000000087900000)
 Metaspace       used 29649K, capacity 31254K, committed 31488K, reserved 1077248K
  class space    used 4168K, capacity 4504K, committed 4608K, reserved 1048576K
Event: 6.734 GC heap after
Heap after GC invocations=9 (full 1):
 PSYoungGen      total 231424K, used 10743K [0x00000000d6e00000, 0x00000000e6080000, 0x0000000100000000)
  eden space 220672K, 0% used [0x00000000d6e00000,0x00000000d6e00000,0x00000000e4580000)
  from space 10752K, 99% used [0x00000000e5500000,0x00000000e5f7dc30,0x00000000e5f80000)
  to   space 13824K, 0% used [0x00000000e4580000,0x00000000e4580000,0x00000000e5300000)
 ParOldGen       total 48128K, used 10141K [0x0000000084a00000, 0x0000000087900000, 0x00000000d6e00000)
  object space 48128K, 21% used [0x0000000084a00000,0x00000000853e7758,0x0000000087900000)
 Metaspace       used 29649K, capacity 31254K, committed 31488K, reserved 1077248K
  class space    used 4168K, capacity 4504K, committed 4608K, reserved 1048576K
}
Event: 7.345 GC heap before
{Heap before GC invocations=10 (full 1):
 PSYoungGen      total 231424K, used 129171K [0x00000000d6e00000, 0x00000000e6080000, 0x0000000100000000)
  eden space 220672K, 53% used [0x00000000d6e00000,0x00000000de1a7300,0x00000000e4580000)
  from space 10752K, 99% used [0x00000000e5500000,0x00000000e5f7dc30,0x00000000e5f80000)
  to   space 13824K, 0% used [0x00000000e4580000,0x00000000e4580000,0x00000000e5300000)
 ParOldGen       total 48128K, used 10141K [0x0000000084a00000, 0x0000000087900000, 0x00000000d6e00000)
  object space 48128K, 21% used [0x0000000084a00000,0x00000000853e7758,0x0000000087900000)
 Metaspace       used 33148K, capacity 35294K, committed 35416K, reserved 1079296K
  class space    used 4591K, capacity 5022K, committed 5120K, reserved 1048576K
Event: 7.363 GC heap after
Heap after GC invocations=10 (full 1):
 PSYoungGen      total 234496K, used 11114K [0x00000000d6e00000, 0x00000000ebf00000, 0x0000000100000000)
  eden space 220672K, 0% used [0x00000000d6e00000,0x00000000d6e00000,0x00000000e4580000)
  from space 13824K, 80% used [0x00000000e4580000,0x00000000e505abb0,0x00000000e5300000)
  to   space 14848K, 0% used [0x00000000eb080000,0x00000000eb080000,0x00000000ebf00000)
 ParOldGen       total 48128K, used 10149K [0x0000000084a00000, 0x0000000087900000, 0x00000000d6e00000)
  object space 48128K, 21% used [0x0000000084a00000,0x00000000853e9758,0x0000000087900000)
 Metaspace       used 33148K, capacity 35294K, committed 35416K, reserved 1079296K
  class space    used 4591K, capacity 5022K, committed 5120K, reserved 1048576K
}
Event: 7.363 GC heap before
{Heap before GC invocations=11 (full 2):
 PSYoungGen      total 234496K, used 11114K [0x00000000d6e00000, 0x00000000ebf00000, 0x0000000100000000)
  eden space 220672K, 0% used [0x00000000d6e00000,0x00000000d6e00000,0x00000000e4580000)
  from space 13824K, 80% used [0x00000000e4580000,0x00000000e505abb0,0x00000000e5300000)
  to   space 14848K, 0% used [0x00000000eb080000,0x00000000eb080000,0x00000000ebf00000)
 ParOldGen       total 48128K, used 10149K [0x0000000084a00000, 0x0000000087900000, 0x00000000d6e00000)
  object space 48128K, 21% used [0x0000000084a00000,0x00000000853e9758,0x0000000087900000)
 Metaspace       used 33148K, capacity 35294K, committed 35416K, reserved 1079296K
  class space    used 4591K, capacity 5022K, committed 5120K, reserved 1048576K
Event: 7.432 GC heap after
Heap after GC invocations=11 (full 2):
 PSYoungGen      total 234496K, used 0K [0x00000000d6e00000, 0x00000000ebf00000, 0x0000000100000000)
  eden space 220672K, 0% used [0x00000000d6e00000,0x00000000d6e00000,0x00000000e4580000)
  from space 13824K, 0% used [0x00000000e4580000,0x00000000e4580000,0x00000000e5300000)
  to   space 14848K, 0% used [0x00000000eb080000,0x00000000eb080000,0x00000000ebf00000)
 ParOldGen       total 70144K, used 16349K [0x0000000084a00000, 0x0000000088e80000, 0x00000000d6e00000)
  object space 70144K, 23% used [0x0000000084a00000,0x00000000859f7698,0x0000000088e80000)
 Metaspace       used 33148K, capacity 35294K, committed 35416K, reserved 1079296K
  class space    used 4591K, capacity 5022K, committed 5120K, reserved 1048576K
}
Event: 7.627 GC heap before
{Heap before GC invocations=12 (full 2):
 PSYoungGen      total 234496K, used 21308K [0x00000000d6e00000, 0x00000000ebf00000, 0x0000000100000000)
  eden space 220672K, 9% used [0x00000000d6e00000,0x00000000d82cf378,0x00000000e4580000)
  from space 13824K, 0% used [0x00000000e4580000,0x00000000e4580000,0x00000000e5300000)
  to   space 14848K, 0% used [0x00000000eb080000,0x00000000eb080000,0x00000000ebf00000)
 ParOldGen       total 70144K, used 16349K [0x0000000084a00000, 0x0000000088e80000, 0x00000000d6e00000)
  object space 70144K, 23% used [0x0000000084a00000,0x00000000859f7698,0x0000000088e80000)
 Metaspace       used 33651K, capacity 35895K, committed 36096K, reserved 1081344K
  class space    used 4689K, capacity 5120K, committed 5120K, reserved 1048576K
Event: 7.634 GC heap after
Heap after GC invocations=12 (full 2):
 PSYoungGen      total 324096K, used 1292K [0x00000000d6e00000, 0x00000000ebc80000, 0x0000000100000000)
  eden space 311808K, 0% used [0x00000000d6e00000,0x00000000d6e00000,0x00000000e9e80000)
  from space 12288K, 10% used [0x00000000eb080000,0x00000000eb1c32e0,0x00000000ebc80000)
  to   space 15360K, 0% used [0x00000000e9e80000,0x00000000e9e80000,0x00000000ead80000)
 ParOldGen       total 70144K, used 16349K [0x0000000084a00000, 0x0000000088e80000, 0x00000000d6e00000)
  object space 70144K, 23% used [0x0000000084a00000,0x00000000859f7698,0x0000000088e80000)
 Metaspace       used 33651K, capacity 35895K, committed 36096K, reserved 1081344K
  class space    used 4689K, capacity 5120K, committed 5120K, reserved 1048576K
}
Event: 7.634 GC heap before
{Heap before GC invocations=13 (full 3):
 PSYoungGen      total 324096K, used 1292K [0x00000000d6e00000, 0x00000000ebc80000, 0x0000000100000000)
  eden space 311808K, 0% used [0x00000000d6e00000,0x00000000d6e00000,0x00000000e9e80000)
  from space 12288K, 10% used [0x00000000eb080000,0x00000000eb1c32e0,0x00000000ebc80000)
  to   space 15360K, 0% used [0x00000000e9e80000,0x00000000e9e80000,0x00000000ead80000)
 ParOldGen       total 70144K, used 16349K [0x0000000084a00000, 0x0000000088e80000, 0x00000000d6e00000)
  object space 70144K, 23% used [0x0000000084a00000,0x00000000859f7698,0x0000000088e80000)
 Metaspace       used 33651K, capacity 35895K, committed 36096K, reserved 1081344K
  class space    used 4689K, capacity 5120K, committed 5120K, reserved 1048576K
Event: 7.811 GC heap after
Heap after GC invocations=13 (full 3):
 PSYoungGen      total 324096K, used 0K [0x00000000d6e00000, 0x00000000ebc80000, 0x0000000100000000)
  eden space 311808K, 0% used [0x00000000d6e00000,0x00000000d6e00000,0x00000000e9e80000)
  from space 12288K, 0% used [0x00000000eb080000,0x00000000eb080000,0x00000000ebc80000)
  to   space 15360K, 0% used [0x00000000e9e80000,0x00000000e9e80000,0x00000000ead80000)
 ParOldGen       total 70144K, used 15100K [0x0000000084a00000, 0x0000000088e80000, 0x00000000d6e00000)
  object space 70144K, 21% used [0x0000000084a00000,0x00000000858bf0e0,0x0000000088e80000)
 Metaspace       used 33651K, capacity 35895K, committed 36096K, reserved 1081344K
  class space    used 4689K, capacity 5120K, committed 5120K, reserved 1048576K
}

